# JRE version: OpenJDK Runtime Environment Temurin-21.0.7+6 (21.0.7+6) (build 21.0.7+6-LTS)
# Java VM: OpenJDK 64-Bit Server VM Temurin-21.0.7+6 (21.0.7+6-LTS, mixed mode, sharing, tiered, compressed oops, compressed class ptrs, g1 gc, windows-amd64)
GC Precious Log:
 CardTable entry size: 512
 Card Set container configuration: InlinePtr #cards 4 size 8 Array Of Cards #cards 16 size 48 Howl #buckets 8 coarsen threshold 3686 Howl Bitmap #cards 512 size 80 coarsen threshold 460 Card regions per heap region 1 cards per card region 4096
 CPUs: 16 total, 16 available
 Memory: 14207M
 Large Page Support: Disabled
 NUMA Support: Disabled
 Compressed Oops: Enabled (Zero based)
 Heap Region Size: 2M
 Heap Min Capacity: 8M
 Heap Initial Capacity: 222M
 Heap Max Capacity: 3552M
 Pre-touch: Disabled
 Parallel Workers: 13
 Concurrent Workers: 3
 Concurrent Refinement Workers: 13
 Periodic GC: Disabled
Heap:
 garbage-first heap   total 67584K, used 40929K [0x0000000722000000, 0x0000000800000000)
  region size 2048K, 10 young (20480K), 0 survivors (0K)
 Metaspace       used 57872K, committed 58560K, reserved 1114112K
  class space    used 7765K, committed 8128K, reserved 1048576K
GC Heap History (20 events):
Event: 2.353 GC heap before
{Heap before GC invocations=6 (full 0):
 garbage-first heap   total 67584K, used 29461K [0x0000000722000000, 0x0000000800000000)
  region size 2048K, 8 young (16384K), 2 survivors (4096K)
 Metaspace       used 35504K, committed 35968K, reserved 1114112K
  class space    used 4617K, committed 4800K, reserved 1048576K
}
Event: 2.355 GC heap after
{Heap after GC invocations=7 (full 0):
 garbage-first heap   total 67584K, used 19147K [0x0000000722000000, 0x0000000800000000)
  region size 2048K, 2 young (4096K), 2 survivors (4096K)
 Metaspace       used 35504K, committed 35968K, reserved 1114112K
  class space    used 4617K, committed 4800K, reserved 1048576K
}
Event: 2.774 GC heap before
{Heap before GC invocations=8 (full 0):
 garbage-first heap   total 67584K, used 49867K [0x0000000722000000, 0x0000000800000000)
  region size 2048K, 18 young (36864K), 2 survivors (4096K)
 Metaspace       used 44152K, committed 44736K, reserved 1114112K
  class space    used 5855K, committed 6144K, reserved 1048576K
}
Event: 2.776 GC heap after
{Heap after GC invocations=9 (full 0):
 garbage-first heap   total 67584K, used 20631K [0x0000000722000000, 0x0000000800000000)
  region size 2048K, 3 young (6144K), 3 survivors (6144K)
 Metaspace       used 44152K, committed 44736K, reserved 1114112K
  class space    used 5855K, committed 6144K, reserved 1048576K
}
Event: 3.131 GC heap before
{Heap before GC invocations=9 (full 0):
 garbage-first heap   total 67584K, used 51351K [0x0000000722000000, 0x0000000800000000)
  region size 2048K, 18 young (36864K), 3 survivors (6144K)
 Metaspace       used 52048K, committed 52672K, reserved 1114112K
  class space    used 7092K, committed 7360K, reserved 1048576K
}
Event: 3.134 GC heap after
{Heap after GC invocations=10 (full 0):
 garbage-first heap   total 67584K, used 22537K [0x0000000722000000, 0x0000000800000000)
  region size 2048K, 3 young (6144K), 3 survivors (6144K)
 Metaspace       used 52048K, committed 52672K, reserved 1114112K
  class space    used 7092K, committed 7360K, reserved 1048576K
}
Event: 136.454 GC heap before
{Heap before GC invocations=10 (full 0):
 garbage-first heap   total 67584K, used 51209K [0x0000000722000000, 0x0000000800000000)
  region size 2048K, 18 young (36864K), 3 survivors (6144K)
 Metaspace       used 56369K, committed 57088K, reserved 1114112K
  class space    used 7689K, committed 8000K, reserved 1048576K
}
Event: 136.457 GC heap after
{Heap after GC invocations=11 (full 0):
 garbage-first heap   total 67584K, used 25789K [0x0000000722000000, 0x0000000800000000)
  region size 2048K, 3 young (6144K), 3 survivors (6144K)
 Metaspace       used 56369K, committed 57088K, reserved 1114112K
  class space    used 7689K, committed 8000K, reserved 1048576K
}
Event: 353.921 GC heap before
{Heap before GC invocations=11 (full 0):
 garbage-first heap   total 67584K, used 29885K [0x0000000722000000, 0x0000000800000000)
  region size 2048K, 6 young (12288K), 3 survivors (6144K)
 Metaspace       used 56586K, committed 57344K, reserved 1114112K
  class space    used 7717K, committed 8064K, reserved 1048576K
}
Event: 353.959 GC heap after
{Heap after GC invocations=12 (full 1):
 garbage-first heap   total 67584K, used 21921K [0x0000000722000000, 0x0000000800000000)
  region size 2048K, 0 young (0K), 0 survivors (0K)
 Metaspace       used 56586K, committed 57344K, reserved 1114112K
  class space    used 7717K, committed 8064K, reserved 1048576K
}
Event: 354.327 GC heap before
{Heap before GC invocations=12 (full 1):
 garbage-first heap   total 67584K, used 54689K [0x0000000722000000, 0x0000000800000000)
  region size 2048K, 16 young (32768K), 0 survivors (0K)
 Metaspace       used 56738K, committed 57472K, reserved 1114112K
  class space    used 7730K, committed 8064K, reserved 1048576K
}
Event: 354.329 GC heap after
{Heap after GC invocations=13 (full 1):
 garbage-first heap   total 67584K, used 25283K [0x0000000722000000, 0x0000000800000000)
  region size 2048K, 2 young (4096K), 2 survivors (4096K)
 Metaspace       used 56738K, committed 57472K, reserved 1114112K
  class space    used 7730K, committed 8064K, reserved 1048576K
}
Event: 915.554 GC heap before
{Heap before GC invocations=13 (full 1):
 garbage-first heap   total 67584K, used 53955K [0x0000000722000000, 0x0000000800000000)
  region size 2048K, 16 young (32768K), 2 survivors (4096K)
 Metaspace       used 57165K, committed 57856K, reserved 1114112K
  class space    used 7740K, committed 8064K, reserved 1048576K
}
Event: 915.629 GC heap after
{Heap after GC invocations=14 (full 1):
 garbage-first heap   total 67584K, used 26116K [0x0000000722000000, 0x0000000800000000)
  region size 2048K, 1 young (2048K), 1 survivors (2048K)
 Metaspace       used 57165K, committed 57856K, reserved 1114112K
  class space    used 7740K, committed 8064K, reserved 1048576K
}
Event: 1707.266 GC heap before
{Heap before GC invocations=14 (full 1):
 garbage-first heap   total 67584K, used 38404K [0x0000000722000000, 0x0000000800000000)
  region size 2048K, 8 young (16384K), 1 survivors (2048K)
 Metaspace       used 57185K, committed 57856K, reserved 1114112K
  class space    used 7741K, committed 8064K, reserved 1048576K
}
Event: 1707.750 GC heap after
{Heap after GC invocations=15 (full 2):
 garbage-first heap   total 67584K, used 22286K [0x0000000722000000, 0x0000000800000000)
  region size 2048K, 0 young (0K), 0 survivors (0K)
 Metaspace       used 57183K, committed 57856K, reserved 1114112K
  class space    used 7740K, committed 8064K, reserved 1048576K
}
Event: 1708.306 GC heap before
{Heap before GC invocations=15 (full 2):
 garbage-first heap   total 67584K, used 55054K [0x0000000722000000, 0x0000000800000000)
  region size 2048K, 16 young (32768K), 0 survivors (0K)
 Metaspace       used 57493K, committed 58176K, reserved 1114112K
  class space    used 7751K, committed 8064K, reserved 1048576K
}
Event: 1708.314 GC heap after
{Heap after GC invocations=16 (full 2):
 garbage-first heap   total 67584K, used 25733K [0x0000000722000000, 0x0000000800000000)
  region size 2048K, 2 young (4096K), 2 survivors (4096K)
 Metaspace       used 57493K, committed 58176K, reserved 1114112K
  class space    used 7751K, committed 8064K, reserved 1048576K
}
Event: 1709.943 GC heap before
{Heap before GC invocations=16 (full 2):
 garbage-first heap   total 67584K, used 44165K [0x0000000722000000, 0x0000000800000000)
  region size 2048K, 12 young (24576K), 2 survivors (4096K)
 Metaspace       used 57786K, committed 58496K, reserved 1114112K
  class space    used 7761K, committed 8064K, reserved 1048576K
}
Event: 1709.994 GC heap after
{Heap after GC invocations=17 (full 3):
 garbage-first heap   total 67584K, used 22497K [0x0000000722000000, 0x0000000800000000)
  region size 2048K, 0 young (0K), 0 survivors (0K)
 Metaspace       used 57783K, committed 58496K, reserved 1114112K
  class space    used 7760K, committed 8064K, reserved 1048576K
}

